D:\GIT-DIR\SDL-GAME\SDL GAME\DEBUG\SDL GAME.EXE
D:\GIT-DIR\SDL-GAME\SDL GAME\DEBUG\SDL GAME.ILK
D:\GIT-DIR\SDL-GAME\SDL GAME\DEBUG\SDL GAME.PDB
D:\git-dir\SDL-game\SDL game\SDL game\Debug\cl.command.1.tlog
D:\git-dir\SDL-game\SDL game\SDL game\Debug\CL.read.1.tlog
D:\git-dir\SDL-game\SDL game\SDL game\Debug\CL.write.1.tlog
D:\git-dir\SDL-game\SDL game\SDL game\Debug\link.7580.read.1.tlog
D:\git-dir\SDL-game\SDL game\SDL game\Debug\link.7580.write.1.tlog
D:\git-dir\SDL-game\SDL game\SDL game\Debug\link.7580-cvtres.read.1.tlog
D:\git-dir\SDL-game\SDL game\SDL game\Debug\link.7580-cvtres.write.1.tlog
D:\git-dir\SDL-game\SDL game\SDL game\Debug\link.command.1.tlog
D:\git-dir\SDL-game\SDL game\SDL game\Debug\link.read.1.tlog
D:\git-dir\SDL-game\SDL game\SDL game\Debug\link.write.1.tlog
D:\git-dir\SDL-game\SDL game\SDL game\Debug\link-cvtres.read.1.tlog
D:\git-dir\SDL-game\SDL game\SDL game\Debug\link-cvtres.write.1.tlog
D:\GIT-DIR\SDL-GAME\SDL GAME\SDL GAME\DEBUG\LTEXTURE.OBJ
D:\GIT-DIR\SDL-GAME\SDL GAME\SDL GAME\DEBUG\MAIN.OBJ
D:\git-dir\SDL-game\SDL game\SDL game\Debug\mt.command.1.tlog
D:\git-dir\SDL-game\SDL game\SDL game\Debug\mt.read.1.tlog
D:\git-dir\SDL-game\SDL game\SDL game\Debug\mt.write.1.tlog
D:\GIT-DIR\SDL-GAME\SDL GAME\SDL GAME\DEBUG\POINT.OBJ
D:\git-dir\SDL-game\SDL game\SDL game\Debug\rc.command.1.tlog
D:\git-dir\SDL-game\SDL game\SDL game\Debug\rc.read.1.tlog
D:\git-dir\SDL-game\SDL game\SDL game\Debug\rc.write.1.tlog
D:\GIT-DIR\SDL-GAME\SDL GAME\SDL GAME\DEBUG\SDL GAME.EXE.EMBED.MANIFEST
D:\GIT-DIR\SDL-GAME\SDL GAME\SDL GAME\DEBUG\SDL GAME.EXE.EMBED.MANIFEST.RES
D:\GIT-DIR\SDL-GAME\SDL GAME\SDL GAME\DEBUG\SDL GAME.EXE.INTERMEDIATE.MANIFEST
D:\git-dir\SDL-game\SDL game\SDL game\Debug\SDL game_manifest.rc
D:\git-dir\SDL-game\SDL game\SDL game\Debug\vc100.idb
D:\GIT-DIR\SDL-GAME\SDL GAME\SDL GAME\DEBUG\VC100.PDB
