生成启动时间为 2014/7/20 16:13:13。
     1>项目“D:\VS\SDL game\SDL game\SDL game.vcxproj”在节点 2 上(build 个目标)。
     1>InitializeBuildStatus:
         正在创建“Debug\SDL game.unsuccessfulbuild”，因为已指定“AlwaysCreate”。
       ClCompile:
         C:\Program Files\Microsoft Visual Studio 10.0\VC\bin\CL.exe /c /I"D:\VS\SDL game\SDL game\\SDL2_image-2.0.0\include" /I"D:\VS\SDL game\SDL game\\SDL2-2.0.3\include" /ZI /nologo /W3 /WX- /Od /Oy- /D WIN32 /D _DEBUG /D _CONSOLE /D _UNICODE /D UNICODE /Gm /EHsc /RTC1 /MDd /GS /fp:precise /Zc:wchar_t /Zc:forScope /Fo"Debug\\" /Fd"Debug\vc100.pdb" /Gd /TP /analyze- /errorReport:prompt main.cpp
         main.cpp
       ManifestResourceCompile:
         所有输出均为最新。
       Link:
         C:\Program Files\Microsoft Visual Studio 10.0\VC\bin\link.exe /ERRORREPORT:PROMPT /OUT:"D:\VS\SDL game\Debug\SDL game.exe" /INCREMENTAL /NOLOGO /LIBPATH:"D:\VS\SDL game\SDL game\\SDL2-2.0.3\lib\x86" /LIBPATH:"D:\VS\SDL game\SDL game\\SDL2_image-2.0.0\lib\x86" SDL2.lib SDL2main.lib SDL2_image.lib kernel32.lib user32.lib gdi32.lib winspool.lib comdlg32.lib advapi32.lib shell32.lib ole32.lib oleaut32.lib uuid.lib odbc32.lib odbccp32.lib /MANIFEST /ManifestFile:"Debug\SDL game.exe.intermediate.manifest" /MANIFESTUAC:"level='asInvoker' uiAccess='false'" /DEBUG /PDB:"D:\VS\SDL game\Debug\SDL game.pdb" /SUBSYSTEM:CONSOLE /TLBID:1 /DYNAMICBASE /NXCOMPAT /IMPLIB:"D:\VS\SDL game\Debug\SDL game.lib" /MACHINE:X86 "Debug\SDL game.exe.embed.manifest.res"
         Debug\LTexture.obj
         Debug\main.obj
         Debug\Point.obj
       Manifest:
         C:\Program Files\Microsoft SDKs\Windows\v7.0A\bin\mt.exe /nologo /verbose /out:"Debug\SDL game.exe.embed.manifest" /manifest "Debug\SDL game.exe.intermediate.manifest"
         所有输出均为最新。
       LinkEmbedManifest:
         所有输出均为最新。
         SDL game.vcxproj -> D:\VS\SDL game\Debug\SDL game.exe
       FinalizeBuildStatus:
         正在删除文件“Debug\SDL game.unsuccessfulbuild”。
         正在对“Debug\SDL game.lastbuildstate”执行 Touch 任务。
     1>已完成生成项目“D:\VS\SDL game\SDL game\SDL game.vcxproj”(build 个目标)的操作。

生成成功。

已用时间 00:00:01.39
